<?xml version="1.0" encoding="UTF-8"?>
<testng-results ignored="0" total="1" passed="1" failed="0" skipped="0">
  <reporter-output>
  </reporter-output>
  <suite started-at="2022-08-13T20:05:17 EDT" name="SanityTest" finished-at="2022-08-13T20:05:36 EDT" duration-ms="18988">
    <groups>
      <group name="cucumber">
        <method signature="AbstractTestNGCucumberTests.runScenario(io.cucumber.testng.PickleWrapper,io.cucumber.testng.FeatureWrapper)[pri:0, instance:zoopla.uk.myrunner.MyRunner@5d7148e2]" name="runScenario" class="io.cucumber.testng.AbstractTestNGCucumberTests"/>
      </group> <!-- cucumber -->
    </groups>
    <test started-at="2022-08-13T20:05:17 EDT" name="Zoopla.uk" finished-at="2022-08-13T20:05:36 EDT" duration-ms="18988">
      <class name="zoopla.uk.myrunner.MyRunner">
        <test-method is-config="true" signature="setUpClass()[pri:0, instance:zoopla.uk.myrunner.MyRunner@5d7148e2]" started-at="2022-08-13T20:05:17 EDT" name="setUpClass" finished-at="2022-08-13T20:05:18 EDT" duration-ms="629" status="PASS">
          <reporter-output>
          </reporter-output>
        </test-method> <!-- setUpClass -->
        <test-method signature="runScenario(io.cucumber.testng.PickleWrapper,io.cucumber.testng.FeatureWrapper)[pri:0, instance:zoopla.uk.myrunner.MyRunner@5d7148e2]" started-at="2022-08-13T20:05:18 EDT" name="runScenario" description="Runs Cucumber Scenarios" data-provider="scenarios" finished-at="2022-08-13T20:05:36 EDT" duration-ms="18183" status="PASS">
          <params>
            <param index="0">
              <value>
                <![CDATA["User able to login the application & verfy the users informations on the grid"]]>
              </value>
            </param>
            <param index="1">
              <value>
                <![CDATA["Optional[User able to use zoopla application, login the application, searching the property, buy the property]"]]>
              </value>
            </param>
          </params>
          <reporter-output>
          </reporter-output>
        </test-method> <!-- runScenario -->
        <test-method is-config="true" signature="tearDownClass()[pri:0, instance:zoopla.uk.myrunner.MyRunner@5d7148e2]" started-at="2022-08-13T20:05:36 EDT" name="tearDownClass" finished-at="2022-08-13T20:05:36 EDT" duration-ms="109" status="PASS">
          <reporter-output>
          </reporter-output>
        </test-method> <!-- tearDownClass -->
      </class> <!-- zoopla.uk.myrunner.MyRunner -->
    </test> <!-- Zoopla.uk -->
  </suite> <!-- SanityTest -->
</testng-results>
