<?xml version="1.0" encoding="UTF-8"?>
<testng-results ignored="0" total="1" passed="1" failed="0" skipped="0">
  <reporter-output>
  </reporter-output>
  <suite started-at="2022-09-10T16:27:24 EDT" name="Default suite" finished-at="2022-09-10T16:27:27 EDT" duration-ms="2721">
    <groups>
    </groups>
    <test started-at="2022-09-10T16:27:24 EDT" name="Default test" finished-at="2022-09-10T16:27:27 EDT" duration-ms="2721">
      <class name="automation.challenges.ReadExcel">
        <test-method signature="readExcelData()[pri:0, instance:automation.challenges.ReadExcel@c27d163]" started-at="2022-09-10T16:27:24 EDT" name="readExcelData" finished-at="2022-09-10T16:27:26 EDT" duration-ms="2445" status="PASS">
          <reporter-output>
          </reporter-output>
        </test-method> <!-- readExcelData -->
      </class> <!-- automation.challenges.ReadExcel -->
    </test> <!-- Default test -->
  </suite> <!-- Default suite -->
</testng-results>
