<?xml version="1.0" encoding="UTF-8"?>
<!-- Generated by org.testng.reporters.JUnitXMLReporter -->
<testsuite ignored="0" hostname="Mohammed-Alam" failures="1" tests="1" name="Zoopla.uk" time="10.324" errors="0" timestamp="2022-08-28T13:38:54 EDT">
  <testcase classname="io.cucumber.testng.AbstractTestNGCucumberTests" name="runScenario" time="9.472">
    <failure type="java.lang.NullPointerException">
      <![CDATA[java.lang.NullPointerException
at java.base/java.util.Objects.requireNonNull(Objects.java:208)
at org.openqa.selenium.support.ui.FluentWait.<init>(FluentWait.java:106)
at org.openqa.selenium.support.ui.WebDriverWait.<init>(WebDriverWait.java:85)
at org.openqa.selenium.support.ui.WebDriverWait.<init>(WebDriverWait.java:45)
at zoopla.uk.generic.WaitHelper.waitUntilElementToBeClickable(WaitHelper.java:14)
at zoopla.uk.stepdefintaions.LoginTest.user_able_to_click_on_sign_in_button(LoginTest.java:30)
at ✽.User able to click on sign-in button(file:///C:/Users/User/eclipse-workspace/Zoopla_E2E/./Features/LoginFunction.feature:8)
]]>
    </failure>
  </testcase> <!-- runScenario -->
</testsuite> <!-- Zoopla.uk -->
